<?xml version="1.0" encoding="UTF-8"?>
<!-- Generated by org.testng.reporters.JUnitXMLReporter -->
<testsuite hostname="DESKTOP-QNHJ5Q7" ignored="0" name="Test" tests="4" failures="0" timestamp="11 Oct 2023 05:31:36 GMT" time="58.298" errors="0">
  <testcase name="verifyLoginFeatureWithInValidUser" time="10.59" classname="ddtExample.NOPComm_LoginDDTExample"/>
  <testcase name="verifyLoginFeatureWithInValidUser" time="10.32" classname="ddtExample.NOPComm_LoginDDTExample"/>
  <testcase name="verifyLoginFeatureWithInValidUser" time="10.304" classname="ddtExample.NOPComm_LoginDDTExample"/>
  <testcase name="verifyLoginFeatureWithInValidUser" time="9.716" classname="ddtExample.NOPComm_LoginDDTExample"/>
</testsuite> <!-- Test -->
