<?xml version="1.0" encoding="UTF-8"?>
<testng-results skipped="0" failed="0" ignored="0" total="1" passed="1">
  <reporter-output>
  </reporter-output>
  <suite name="Default suite" duration-ms="30233" started-at="2023-10-16T05:13:25Z" finished-at="2023-10-16T05:13:55Z">
    <groups>
    </groups>
    <test name="Default test" duration-ms="30233" started-at="2023-10-16T05:13:25Z" finished-at="2023-10-16T05:13:55Z">
      <class name="test.LoginTest">
        <test-method status="PASS" signature="launchApp()[pri:0, instance:test.LoginTest@6e0e048a]" name="launchApp" is-config="true" duration-ms="11556" started-at="2023-10-15T22:13:25Z" finished-at="2023-10-15T22:13:36Z">
          <reporter-output>
          </reporter-output>
        </test-method> <!-- launchApp -->
        <test-method status="PASS" signature="verifyLoginfeature()[pri:0, instance:test.LoginTest@6e0e048a]" name="verifyLoginfeature" duration-ms="11394" started-at="2023-10-15T22:13:36Z" finished-at="2023-10-15T22:13:48Z">
          <reporter-output>
          </reporter-output>
        </test-method> <!-- verifyLoginfeature -->
        <test-method status="PASS" signature="closeApp()[pri:0, instance:test.LoginTest@6e0e048a]" name="closeApp" is-config="true" duration-ms="7257" started-at="2023-10-15T22:13:48Z" finished-at="2023-10-15T22:13:55Z">
          <reporter-output>
          </reporter-output>
        </test-method> <!-- closeApp -->
      </class> <!-- test.LoginTest -->
    </test> <!-- Default test -->
  </suite> <!-- Default suite -->
</testng-results>
